gles3jni/app/build/outputs/logs/manifest-merger-debug-report.txt
-- Merging decision tree log ---
manifest
ADDED from src\main\AndroidManifest.xml:17:1-37:12
	package
		ADDED from src\main\AndroidManifest.xml:18:11-40
		INJECTED from src\main\AndroidManifest.xml
		INJECTED from src\main\AndroidManifest.xml
	android:versionName
		INJECTED from src\main\AndroidManifest.xml
		INJECTED from src\main\AndroidManifest.xml
	xmlns:android
		ADDED from src\main\AndroidManifest.xml:17:11-69
	android:versionCode
		INJECTED from src\main\AndroidManifest.xml
		INJECTED from src\main\AndroidManifest.xml
uses-feature#0x00030000
ADDED from src\main\AndroidManifest.xml:20:2-50
	android:glEsVersion
		ADDED from src\main\AndroidManifest.xml:20:16-48
application
ADDED from src\main\AndroidManifest.xml:21:2-36:16
	android:label
		ADDED from src\main\AndroidManifest.xml:25:3-44
	android:fullBackupContent
		ADDED from src\main\AndroidManifest.xml:23:3-36
	android:allowBackup
		ADDED from src\main\AndroidManifest.xml:22:3-30
	android:icon
		ADDED from src\main\AndroidManifest.xml:24:3-37
activity#xyz.asdasd.gles3jni.GLES3JNIActivity
ADDED from src\main\AndroidManifest.xml:26:3-35:14
	android:launchMode
		ADDED from src\main\AndroidManifest.xml:29:4-35
	android:configChanges
		ADDED from src\main\AndroidManifest.xml:28:4-54
	android:theme
		ADDED from src\main\AndroidManifest.xml:30:4-62
	android:name
		ADDED from src\main\AndroidManifest.xml:27:4-55
intent-filter#android.intent.action.MAIN+android.intent.category.LAUNCHER
ADDED from src\main\AndroidManifest.xml:31:4-34:20
action#android.intent.action.MAIN
ADDED from src\main\AndroidManifest.xml:32:5-56
	android:name
		ADDED from src\main\AndroidManifest.xml:32:13-54
category#android.intent.category.LAUNCHER
ADDED from src\main\AndroidManifest.xml:33:5-64
	android:name
		ADDED from src\main\AndroidManifest.xml:33:15-62
uses-sdk
INJECTED from src\main\AndroidManifest.xml reason: use-sdk injection requested
	android:targetSdkVersion
		INJECTED from src\main\AndroidManifest.xml
		INJECTED from src\main\AndroidManifest.xml
	android:minSdkVersion
		INJECTED from src\main\AndroidManifest.xml
		INJECTED from src\main\AndroidManifest.xml